<?xml version="1.0" encoding="UTF-8" standalone="yes"?><!DOCTYPE report PUBLIC "-//JACOCO//DTD Report 1.1//EN" "report.dtd"><report name="TestingProj"><sessioninfo id="macs-MacBook-Air.local-77e9c685" start="1701006450938" dump="1701006454700"/><sessioninfo id="macs-MacBook-Air.local-5e5d97a2" start="1701007855049" dump="1701007858657"/><package name=""><class name="Num_Theory" sourcefilename="Num_Theory.java"><method name="&lt;clinit&gt;" desc="()V" line="8"><counter type="INSTRUCTION" missed="0" covered="9"/><counter type="LINE" missed="0" covered="1"/><counter type="COMPLEXITY" missed="0" covered="1"/><counter type="METHOD" missed="0" covered="1"/></method><method name="&lt;init&gt;" desc="()V" line="6"><counter type="INSTRUCTION" missed="0" covered="3"/><counter type="LINE" missed="0" covered="1"/><counter type="COMPLEXITY" missed="0" covered="1"/><counter type="METHOD" missed="0" covered="1"/></method><method name="odd_prime_num" desc="(I)I" line="15"><counter type="INSTRUCTION" missed="0" covered="26"/><counter type="BRANCH" missed="0" covered="8"/><counter type="LINE" missed="0" covered="7"/><counter type="COMPLEXITY" missed="0" covered="5"/><counter type="METHOD" missed="0" covered="1"/></method><method name="Goldbach_Num" desc="(I)Z" line="47"><counter type="INSTRUCTION" missed="0" covered="96"/><counter type="BRANCH" missed="2" covered="12"/><counter type="LINE" missed="0" covered="16"/><counter type="COMPLEXITY" missed="2" covered="6"/><counter type="METHOD" missed="0" covered="1"/></method><method name="Hamming_Num" desc="(I)Z" line="101"><counter type="INSTRUCTION" missed="2" covered="72"/><counter type="BRANCH" missed="1" covered="9"/><counter type="LINE" missed="1" covered="17"/><counter type="COMPLEXITY" missed="1" covered="5"/><counter type="METHOD" missed="0" covered="1"/></method><method name="Narcissistic_Num" desc="(I)Z" line="152"><counter type="INSTRUCTION" missed="0" covered="59"/><counter type="BRANCH" missed="0" covered="4"/><counter type="LINE" missed="0" covered="11"/><counter type="COMPLEXITY" missed="0" covered="3"/><counter type="METHOD" missed="0" covered="1"/></method><method name="Markov_Num" desc="(I)Z" line="191"><counter type="INSTRUCTION" missed="2" covered="118"/><counter type="BRANCH" missed="3" covered="17"/><counter type="LINE" missed="1" covered="20"/><counter type="COMPLEXITY" missed="3" covered="8"/><counter type="METHOD" missed="0" covered="1"/></method><method name="Colombian_Num" desc="(I)Z" line="250"><counter type="INSTRUCTION" missed="0" covered="70"/><counter type="BRANCH" missed="0" covered="8"/><counter type="LINE" missed="0" covered="18"/><counter type="COMPLEXITY" missed="0" covered="5"/><counter type="METHOD" missed="0" covered="1"/></method><method name="Thabit_Num" desc="(I)Z" line="298"><counter type="INSTRUCTION" missed="0" covered="74"/><counter type="BRANCH" missed="0" covered="8"/><counter type="LINE" missed="0" covered="16"/><counter type="COMPLEXITY" missed="0" covered="5"/><counter type="METHOD" missed="0" covered="1"/></method><method name="Woodall_Num" desc="(I)Z" line="347"><counter type="INSTRUCTION" missed="2" covered="75"/><counter type="BRANCH" missed="1" covered="7"/><counter type="LINE" missed="1" covered="15"/><counter type="COMPLEXITY" missed="1" covered="4"/><counter type="METHOD" missed="0" covered="1"/></method><method name="Leyland_Num" desc="(I)Z" line="397"><counter type="INSTRUCTION" missed="0" covered="94"/><counter type="BRANCH" missed="1" covered="11"/><counter type="LINE" missed="0" covered="18"/><counter type="COMPLEXITY" missed="1" covered="6"/><counter type="METHOD" missed="0" covered="1"/></method><method name="Sociable_Num" desc="(I)Z" line="453"><counter type="INSTRUCTION" missed="3" covered="90"/><counter type="BRANCH" missed="2" covered="10"/><counter type="LINE" missed="2" covered="18"/><counter type="COMPLEXITY" missed="2" covered="5"/><counter type="METHOD" missed="0" covered="1"/></method><method name="Emirp_Num" desc="(I)Z" line="512"><counter type="INSTRUCTION" missed="0" covered="108"/><counter type="BRANCH" missed="1" covered="15"/><counter type="LINE" missed="0" covered="19"/><counter type="COMPLEXITY" missed="1" covered="8"/><counter type="METHOD" missed="0" covered="1"/></method><method name="Ramanujan_Num" desc="(I)Z" line="571"><counter type="INSTRUCTION" missed="0" covered="82"/><counter type="BRANCH" missed="0" covered="10"/><counter type="LINE" missed="0" covered="16"/><counter type="COMPLEXITY" missed="0" covered="6"/><counter type="METHOD" missed="0" covered="1"/></method><method name="Armstrong_Num" desc="(I)Z" line="627"><counter type="INSTRUCTION" missed="0" covered="58"/><counter type="BRANCH" missed="0" covered="4"/><counter type="LINE" missed="0" covered="13"/><counter type="COMPLEXITY" missed="0" covered="3"/><counter type="METHOD" missed="0" covered="1"/></method><method name="Perfect_Num" desc="(I)Z" line="666"><counter type="INSTRUCTION" missed="0" covered="52"/><counter type="BRANCH" missed="0" covered="6"/><counter type="LINE" missed="0" covered="11"/><counter type="COMPLEXITY" missed="0" covered="4"/><counter type="METHOD" missed="0" covered="1"/></method><method name="Strong_Num" desc="(I)Z" line="702"><counter type="INSTRUCTION" missed="0" covered="69"/><counter type="BRANCH" missed="0" covered="6"/><counter type="LINE" missed="0" covered="15"/><counter type="COMPLEXITY" missed="0" covered="4"/><counter type="METHOD" missed="0" covered="1"/></method><method name="Evil_Num" desc="(I)Z" line="750"><counter type="INSTRUCTION" missed="0" covered="96"/><counter type="BRANCH" missed="0" covered="8"/><counter type="LINE" missed="0" covered="21"/><counter type="COMPLEXITY" missed="0" covered="5"/><counter type="METHOD" missed="0" covered="1"/></method><method name="main" desc="([Ljava/lang/String;)V" line="798"><counter type="INSTRUCTION" missed="217" covered="0"/><counter type="BRANCH" missed="17" covered="0"/><counter type="LINE" missed="73" covered="0"/><counter type="COMPLEXITY" missed="17" covered="0"/><counter type="METHOD" missed="1" covered="0"/></method><counter type="INSTRUCTION" missed="226" covered="1251"/><counter type="BRANCH" missed="28" covered="143"/><counter type="LINE" missed="78" covered="253"/><counter type="COMPLEXITY" missed="28" covered="84"/><counter type="METHOD" missed="1" covered="18"/><counter type="CLASS" missed="0" covered="1"/></class><sourcefile name="Num_Theory.java"><line nr="6" mi="0" ci="3" mb="0" cb="0"/><line nr="8" mi="0" ci="9" mb="0" cb="0"/><line nr="15" mi="0" ci="2" mb="0" cb="0"/><line nr="17" mi="0" ci="7" mb="0" cb="2"/><line nr="19" mi="0" ci="4" mb="0" cb="2"/><line nr="21" mi="0" ci="1" mb="0" cb="0"/><line nr="25" mi="0" ci="8" mb="0" cb="4"/><line nr="27" mi="0" ci="2" mb="0" cb="0"/><line nr="31" mi="0" ci="2" mb="0" cb="0"/><line nr="47" mi="0" ci="3" mb="0" cb="0"/><line nr="48" mi="0" ci="3" mb="0" cb="0"/><line nr="54" mi="0" ci="2" mb="0" cb="0"/><line nr="56" mi="0" ci="7" mb="1" cb="3"/><line nr="58" mi="0" ci="3" mb="0" cb="0"/><line nr="59" mi="0" ci="2" mb="0" cb="0"/><line nr="62" mi="0" ci="3" mb="0" cb="2"/><line nr="64" mi="0" ci="11" mb="0" cb="0"/><line nr="65" mi="0" ci="2" mb="0" cb="0"/><line nr="70" mi="0" ci="3" mb="0" cb="0"/><line nr="72" mi="0" ci="9" mb="0" cb="2"/><line nr="74" mi="0" ci="6" mb="0" cb="0"/><line nr="76" mi="0" ci="15" mb="1" cb="5"/><line nr="78" mi="0" ci="14" mb="0" cb="0"/><line nr="82" mi="0" ci="11" mb="0" cb="0"/><line nr="83" mi="0" ci="2" mb="0" cb="0"/><line nr="101" mi="0" ci="3" mb="0" cb="0"/><line nr="102" mi="0" ci="3" mb="0" cb="0"/><line nr="106" mi="0" ci="2" mb="0" cb="0"/><line nr="107" mi="0" ci="2" mb="0" cb="0"/><line nr="109" mi="0" ci="4" mb="0" cb="2"/><line nr="112" mi="0" ci="4" mb="0" cb="2"/><line nr="113" mi="0" ci="5" mb="0" cb="0"/><line nr="115" mi="0" ci="4" mb="0" cb="2"/><line nr="116" mi="0" ci="5" mb="0" cb="0"/><line nr="118" mi="0" ci="4" mb="0" cb="2"/><line nr="119" mi="0" ci="5" mb="0" cb="0"/><line nr="123" mi="0" ci="11" mb="0" cb="0"/><line nr="124" mi="0" ci="2" mb="0" cb="0"/><line nr="125" mi="0" ci="2" mb="0" cb="0"/><line nr="130" mi="0" ci="4" mb="1" cb="1"/><line nr="132" mi="0" ci="10" mb="0" cb="0"/><line nr="133" mi="0" ci="2" mb="0" cb="0"/><line nr="136" mi="2" ci="0" mb="0" cb="0"/><line nr="152" mi="0" ci="3" mb="0" cb="0"/><line nr="153" mi="0" ci="3" mb="0" cb="0"/><line nr="157" mi="0" ci="4" mb="0" cb="0"/><line nr="159" mi="0" ci="3" mb="0" cb="2"/><line nr="161" mi="0" ci="13" mb="0" cb="0"/><line nr="162" mi="0" ci="4" mb="0" cb="0"/><line nr="165" mi="0" ci="3" mb="0" cb="2"/><line nr="167" mi="0" ci="11" mb="0" cb="0"/><line nr="168" mi="0" ci="2" mb="0" cb="0"/><line nr="173" mi="0" ci="11" mb="0" cb="0"/><line nr="174" mi="0" ci="2" mb="0" cb="0"/><line nr="191" mi="0" ci="3" mb="0" cb="0"/><line nr="192" mi="0" ci="3" mb="0" cb="0"/><line nr="196" mi="0" ci="2" mb="0" cb="0"/><line nr="197" mi="0" ci="7" mb="0" cb="2"/><line nr="199" mi="0" ci="7" mb="0" cb="2"/><line nr="201" mi="0" ci="7" mb="0" cb="2"/><line nr="203" mi="0" ci="12" mb="0" cb="0"/><line nr="204" mi="0" ci="8" mb="0" cb="0"/><line nr="205" mi="0" ci="12" mb="2" cb="6"/><line nr="207" mi="0" ci="11" mb="0" cb="0"/><line nr="208" mi="0" ci="19" mb="0" cb="0"/><line nr="209" mi="0" ci="2" mb="0" cb="0"/><line nr="210" mi="0" ci="1" mb="0" cb="0"/><line nr="213" mi="0" ci="3" mb="0" cb="2"/><line nr="214" mi="0" ci="1" mb="0" cb="0"/><line nr="217" mi="0" ci="3" mb="0" cb="2"/><line nr="219" mi="0" ci="2" mb="0" cb="0"/><line nr="225" mi="0" ci="2" mb="1" cb="1"/><line nr="227" mi="0" ci="11" mb="0" cb="0"/><line nr="228" mi="0" ci="2" mb="0" cb="0"/><line nr="232" mi="2" ci="0" mb="0" cb="0"/><line nr="250" mi="0" ci="3" mb="0" cb="0"/><line nr="251" mi="0" ci="3" mb="0" cb="0"/><line nr="256" mi="0" ci="2" mb="0" cb="0"/><line nr="258" mi="0" ci="7" mb="0" cb="2"/><line nr="260" mi="0" ci="2" mb="0" cb="0"/><line nr="261" mi="0" ci="2" mb="0" cb="0"/><line nr="262" mi="0" ci="4" mb="0" cb="0"/><line nr="263" mi="0" ci="3" mb="0" cb="2"/><line nr="265" mi="0" ci="6" mb="0" cb="0"/><line nr="266" mi="0" ci="4" mb="0" cb="0"/><line nr="269" mi="0" ci="3" mb="0" cb="2"/><line nr="271" mi="0" ci="11" mb="0" cb="0"/><line nr="272" mi="0" ci="2" mb="0" cb="0"/><line nr="273" mi="0" ci="1" mb="0" cb="0"/><line nr="277" mi="0" ci="2" mb="0" cb="2"/><line nr="279" mi="0" ci="11" mb="0" cb="0"/><line nr="280" mi="0" ci="2" mb="0" cb="0"/><line nr="282" mi="0" ci="2" mb="0" cb="0"/><line nr="298" mi="0" ci="3" mb="0" cb="0"/><line nr="299" mi="0" ci="3" mb="0" cb="0"/><line nr="304" mi="0" ci="2" mb="0" cb="2"/><line nr="306" mi="0" ci="2" mb="0" cb="0"/><line nr="308" mi="0" ci="7" mb="0" cb="2"/><line nr="310" mi="0" ci="10" mb="0" cb="0"/><line nr="312" mi="0" ci="3" mb="0" cb="2"/><line nr="314" mi="0" ci="11" mb="0" cb="0"/><line nr="315" mi="0" ci="2" mb="0" cb="0"/><line nr="316" mi="0" ci="1" mb="0" cb="0"/><line nr="320" mi="0" ci="2" mb="0" cb="2"/><line nr="322" mi="0" ci="11" mb="0" cb="0"/><line nr="323" mi="0" ci="2" mb="0" cb="0"/><line nr="325" mi="0" ci="2" mb="0" cb="0"/><line nr="330" mi="0" ci="11" mb="0" cb="0"/><line nr="331" mi="0" ci="2" mb="0" cb="0"/><line nr="347" mi="0" ci="3" mb="0" cb="0"/><line nr="348" mi="0" ci="3" mb="0" cb="0"/><line nr="353" mi="0" ci="2" mb="0" cb="0"/><line nr="355" mi="0" ci="2" mb="0" cb="2"/><line nr="357" mi="0" ci="7" mb="0" cb="2"/><line nr="359" mi="0" ci="10" mb="0" cb="0"/><line nr="360" mi="0" ci="3" mb="0" cb="2"/><line nr="362" mi="0" ci="13" mb="0" cb="0"/><line nr="363" mi="0" ci="2" mb="0" cb="0"/><line nr="364" mi="0" ci="2" mb="0" cb="0"/><line nr="367" mi="0" ci="2" mb="1" cb="1"/><line nr="369" mi="0" ci="11" mb="0" cb="0"/><line nr="370" mi="0" ci="2" mb="0" cb="0"/><line nr="376" mi="0" ci="11" mb="0" cb="0"/><line nr="377" mi="0" ci="2" mb="0" cb="0"/><line nr="380" mi="2" ci="0" mb="0" cb="0"/><line nr="397" mi="0" ci="3" mb="0" cb="0"/><line nr="398" mi="0" ci="3" mb="0" cb="0"/><line nr="403" mi="0" ci="2" mb="0" cb="0"/><line nr="405" mi="0" ci="3" mb="0" cb="2"/><line nr="407" mi="0" ci="7" mb="0" cb="2"/><line nr="409" mi="0" ci="7" mb="0" cb="2"/><line nr="411" mi="0" ci="7" mb="0" cb="0"/><line nr="412" mi="0" ci="7" mb="0" cb="0"/><line nr="414" mi="0" ci="10" mb="1" cb="3"/><line nr="416" mi="0" ci="2" mb="0" cb="0"/><line nr="417" mi="0" ci="1" mb="0" cb="0"/><line nr="422" mi="0" ci="3" mb="0" cb="2"/><line nr="424" mi="0" ci="11" mb="0" cb="0"/><line nr="425" mi="0" ci="2" mb="0" cb="0"/><line nr="430" mi="0" ci="11" mb="0" cb="0"/><line nr="431" mi="0" ci="2" mb="0" cb="0"/><line nr="437" mi="0" ci="11" mb="0" cb="0"/><line nr="438" mi="0" ci="2" mb="0" cb="0"/><line nr="453" mi="0" ci="3" mb="0" cb="0"/><line nr="454" mi="0" ci="3" mb="0" cb="0"/><line nr="459" mi="0" ci="9" mb="0" cb="0"/><line nr="461" mi="0" ci="5" mb="0" cb="2"/><line nr="463" mi="0" ci="11" mb="0" cb="2"/><line nr="465" mi="0" ci="6" mb="0" cb="2"/><line nr="467" mi="0" ci="4" mb="0" cb="0"/><line nr="471" mi="0" ci="2" mb="0" cb="0"/><line nr="473" mi="0" ci="5" mb="0" cb="2"/><line nr="475" mi="0" ci="11" mb="0" cb="0"/><line nr="476" mi="0" ci="2" mb="0" cb="0"/><line nr="477" mi="0" ci="2" mb="0" cb="0"/><line nr="481" mi="0" ci="2" mb="0" cb="0"/><line nr="482" mi="0" ci="4" mb="0" cb="0"/><line nr="484" mi="0" ci="4" mb="1" cb="1"/><line nr="486" mi="1" ci="0" mb="0" cb="0"/><line nr="490" mi="0" ci="4" mb="1" cb="1"/><line nr="492" mi="0" ci="11" mb="0" cb="0"/><line nr="493" mi="0" ci="2" mb="0" cb="0"/><line nr="496" mi="2" ci="0" mb="0" cb="0"/><line nr="512" mi="0" ci="3" mb="0" cb="0"/><line nr="513" mi="0" ci="3" mb="0" cb="0"/><line nr="518" mi="0" ci="6" mb="0" cb="0"/><line nr="519" mi="0" ci="5" mb="0" cb="0"/><line nr="521" mi="0" ci="4" mb="0" cb="0"/><line nr="523" mi="0" ci="7" mb="0" cb="2"/><line nr="525" mi="0" ci="4" mb="0" cb="2"/><line nr="527" mi="0" ci="1" mb="0" cb="0"/><line nr="531" mi="0" ci="7" mb="0" cb="2"/><line nr="533" mi="0" ci="4" mb="0" cb="2"/><line nr="535" mi="0" ci="1" mb="0" cb="0"/><line nr="539" mi="0" ci="6" mb="0" cb="4"/><line nr="541" mi="0" ci="19" mb="0" cb="0"/><line nr="542" mi="0" ci="2" mb="0" cb="0"/><line nr="545" mi="0" ci="6" mb="1" cb="3"/><line nr="547" mi="0" ci="15" mb="0" cb="0"/><line nr="548" mi="0" ci="2" mb="0" cb="0"/><line nr="553" mi="0" ci="11" mb="0" cb="0"/><line nr="554" mi="0" ci="2" mb="0" cb="0"/><line nr="571" mi="0" ci="3" mb="0" cb="0"/><line nr="572" mi="0" ci="3" mb="0" cb="0"/><line nr="574" mi="0" ci="2" mb="0" cb="0"/><line nr="579" mi="0" ci="3" mb="0" cb="2"/><line nr="581" mi="0" ci="11" mb="0" cb="0"/><line nr="582" mi="0" ci="2" mb="0" cb="0"/><line nr="585" mi="0" ci="7" mb="0" cb="2"/><line nr="587" mi="0" ci="7" mb="0" cb="2"/><line nr="589" mi="0" ci="11" mb="0" cb="0"/><line nr="591" mi="0" ci="3" mb="0" cb="2"/><line nr="593" mi="0" ci="1" mb="0" cb="0"/><line nr="598" mi="0" ci="3" mb="0" cb="2"/><line nr="600" mi="0" ci="11" mb="0" cb="0"/><line nr="601" mi="0" ci="2" mb="0" cb="0"/><line nr="606" mi="0" ci="11" mb="0" cb="0"/><line nr="607" mi="0" ci="2" mb="0" cb="0"/><line nr="627" mi="0" ci="3" mb="0" cb="0"/><line nr="628" mi="0" ci="3" mb="0" cb="0"/><line nr="630" mi="0" ci="2" mb="0" cb="0"/><line nr="631" mi="0" ci="2" mb="0" cb="0"/><line nr="632" mi="0" ci="3" mb="0" cb="2"/><line nr="634" mi="0" ci="4" mb="0" cb="0"/><line nr="635" mi="0" ci="8" mb="0" cb="0"/><line nr="636" mi="0" ci="4" mb="0" cb="0"/><line nr="638" mi="0" ci="3" mb="0" cb="2"/><line nr="641" mi="0" ci="11" mb="0" cb="0"/><line nr="642" mi="0" ci="2" mb="0" cb="0"/><line nr="647" mi="0" ci="11" mb="0" cb="0"/><line nr="648" mi="0" ci="2" mb="0" cb="0"/><line nr="666" mi="0" ci="3" mb="0" cb="0"/><line nr="667" mi="0" ci="3" mb="0" cb="0"/><line nr="669" mi="0" ci="2" mb="0" cb="0"/><line nr="670" mi="0" ci="7" mb="0" cb="2"/><line nr="672" mi="0" ci="4" mb="0" cb="2"/><line nr="674" mi="0" ci="4" mb="0" cb="0"/><line nr="677" mi="0" ci="3" mb="0" cb="2"/><line nr="680" mi="0" ci="11" mb="0" cb="0"/><line nr="681" mi="0" ci="2" mb="0" cb="0"/><line nr="686" mi="0" ci="11" mb="0" cb="0"/><line nr="687" mi="0" ci="2" mb="0" cb="0"/><line nr="702" mi="0" ci="3" mb="0" cb="0"/><line nr="703" mi="0" ci="3" mb="0" cb="0"/><line nr="706" mi="0" ci="6" mb="0" cb="0"/><line nr="708" mi="0" ci="3" mb="0" cb="2"/><line nr="710" mi="0" ci="4" mb="0" cb="0"/><line nr="712" mi="0" ci="7" mb="0" cb="2"/><line nr="714" mi="0" ci="4" mb="0" cb="0"/><line nr="717" mi="0" ci="4" mb="0" cb="0"/><line nr="718" mi="0" ci="4" mb="0" cb="0"/><line nr="719" mi="0" ci="2" mb="0" cb="0"/><line nr="722" mi="0" ci="3" mb="0" cb="2"/><line nr="724" mi="0" ci="11" mb="0" cb="0"/><line nr="725" mi="0" ci="2" mb="0" cb="0"/><line nr="731" mi="0" ci="11" mb="0" cb="0"/><line nr="732" mi="0" ci="2" mb="0" cb="0"/><line nr="750" mi="0" ci="3" mb="0" cb="0"/><line nr="751" mi="0" ci="3" mb="0" cb="0"/><line nr="753" mi="0" ci="2" mb="0" cb="0"/><line nr="754" mi="0" ci="2" mb="0" cb="0"/><line nr="756" mi="0" ci="11" mb="0" cb="0"/><line nr="757" mi="0" ci="2" mb="0" cb="0"/><line nr="759" mi="0" ci="3" mb="0" cb="2"/><line nr="761" mi="0" ci="4" mb="0" cb="0"/><line nr="762" mi="0" ci="11" mb="0" cb="0"/><line nr="763" mi="0" ci="4" mb="0" cb="0"/><line nr="765" mi="0" ci="3" mb="0" cb="0"/><line nr="767" mi="0" ci="3" mb="0" cb="0"/><line nr="768" mi="0" ci="7" mb="0" cb="2"/><line nr="770" mi="0" ci="4" mb="0" cb="0"/><line nr="771" mi="0" ci="3" mb="0" cb="2"/><line nr="773" mi="0" ci="1" mb="0" cb="0"/><line nr="777" mi="0" ci="4" mb="0" cb="2"/><line nr="779" mi="0" ci="11" mb="0" cb="0"/><line nr="780" mi="0" ci="2" mb="0" cb="0"/><line nr="784" mi="0" ci="11" mb="0" cb="0"/><line nr="785" mi="0" ci="2" mb="0" cb="0"/><line nr="798" mi="5" ci="0" mb="0" cb="0"/><line nr="799" mi="4" ci="0" mb="0" cb="0"/><line nr="801" mi="1" ci="0" mb="0" cb="0"/><line nr="802" mi="3" ci="0" mb="0" cb="0"/><line nr="803" mi="3" ci="0" mb="0" cb="0"/><line nr="804" mi="3" ci="0" mb="0" cb="0"/><line nr="806" mi="3" ci="0" mb="0" cb="0"/><line nr="839" mi="3" ci="0" mb="0" cb="0"/><line nr="840" mi="3" ci="0" mb="0" cb="0"/><line nr="841" mi="2" ci="0" mb="0" cb="0"/><line nr="843" mi="2" ci="0" mb="17" cb="0"/><line nr="846" mi="3" ci="0" mb="0" cb="0"/><line nr="847" mi="4" ci="0" mb="0" cb="0"/><line nr="848" mi="4" ci="0" mb="0" cb="0"/><line nr="849" mi="1" ci="0" mb="0" cb="0"/><line nr="851" mi="3" ci="0" mb="0" cb="0"/><line nr="852" mi="4" ci="0" mb="0" cb="0"/><line nr="853" mi="4" ci="0" mb="0" cb="0"/><line nr="854" mi="1" ci="0" mb="0" cb="0"/><line nr="856" mi="3" ci="0" mb="0" cb="0"/><line nr="857" mi="4" ci="0" mb="0" cb="0"/><line nr="858" mi="4" ci="0" mb="0" cb="0"/><line nr="859" mi="1" ci="0" mb="0" cb="0"/><line nr="861" mi="3" ci="0" mb="0" cb="0"/><line nr="862" mi="4" ci="0" mb="0" cb="0"/><line nr="863" mi="4" ci="0" mb="0" cb="0"/><line nr="864" mi="1" ci="0" mb="0" cb="0"/><line nr="866" mi="3" ci="0" mb="0" cb="0"/><line nr="867" mi="4" ci="0" mb="0" cb="0"/><line nr="868" mi="4" ci="0" mb="0" cb="0"/><line nr="869" mi="1" ci="0" mb="0" cb="0"/><line nr="871" mi="3" ci="0" mb="0" cb="0"/><line nr="872" mi="4" ci="0" mb="0" cb="0"/><line nr="873" mi="4" ci="0" mb="0" cb="0"/><line nr="874" mi="1" ci="0" mb="0" cb="0"/><line nr="876" mi="3" ci="0" mb="0" cb="0"/><line nr="877" mi="4" ci="0" mb="0" cb="0"/><line nr="878" mi="4" ci="0" mb="0" cb="0"/><line nr="879" mi="1" ci="0" mb="0" cb="0"/><line nr="881" mi="3" ci="0" mb="0" cb="0"/><line nr="882" mi="4" ci="0" mb="0" cb="0"/><line nr="883" mi="4" ci="0" mb="0" cb="0"/><line nr="884" mi="1" ci="0" mb="0" cb="0"/><line nr="886" mi="3" ci="0" mb="0" cb="0"/><line nr="887" mi="4" ci="0" mb="0" cb="0"/><line nr="888" mi="4" ci="0" mb="0" cb="0"/><line nr="889" mi="1" ci="0" mb="0" cb="0"/><line nr="891" mi="3" ci="0" mb="0" cb="0"/><line nr="892" mi="4" ci="0" mb="0" cb="0"/><line nr="893" mi="4" ci="0" mb="0" cb="0"/><line nr="894" mi="1" ci="0" mb="0" cb="0"/><line nr="896" mi="3" ci="0" mb="0" cb="0"/><line nr="897" mi="4" ci="0" mb="0" cb="0"/><line nr="898" mi="4" ci="0" mb="0" cb="0"/><line nr="899" mi="1" ci="0" mb="0" cb="0"/><line nr="901" mi="3" ci="0" mb="0" cb="0"/><line nr="902" mi="4" ci="0" mb="0" cb="0"/><line nr="903" mi="4" ci="0" mb="0" cb="0"/><line nr="904" mi="1" ci="0" mb="0" cb="0"/><line nr="906" mi="3" ci="0" mb="0" cb="0"/><line nr="907" mi="4" ci="0" mb="0" cb="0"/><line nr="908" mi="4" ci="0" mb="0" cb="0"/><line nr="909" mi="1" ci="0" mb="0" cb="0"/><line nr="911" mi="3" ci="0" mb="0" cb="0"/><line nr="912" mi="4" ci="0" mb="0" cb="0"/><line nr="913" mi="4" ci="0" mb="0" cb="0"/><line nr="914" mi="1" ci="0" mb="0" cb="0"/><line nr="917" mi="3" ci="0" mb="0" cb="0"/><line nr="918" mi="4" ci="0" mb="0" cb="0"/><line nr="919" mi="4" ci="0" mb="0" cb="0"/><line nr="920" mi="1" ci="0" mb="0" cb="0"/><line nr="922" mi="2" ci="0" mb="0" cb="0"/><line nr="924" mi="3" ci="0" mb="0" cb="0"/><counter type="INSTRUCTION" missed="226" covered="1251"/><counter type="BRANCH" missed="28" covered="143"/><counter type="LINE" missed="78" covered="253"/><counter type="COMPLEXITY" missed="28" covered="84"/><counter type="METHOD" missed="1" covered="18"/><counter type="CLASS" missed="0" covered="1"/></sourcefile><counter type="INSTRUCTION" missed="226" covered="1251"/><counter type="BRANCH" missed="28" covered="143"/><counter type="LINE" missed="78" covered="253"/><counter type="COMPLEXITY" missed="28" covered="84"/><counter type="METHOD" missed="1" covered="18"/><counter type="CLASS" missed="0" covered="1"/></package><counter type="INSTRUCTION" missed="226" covered="1251"/><counter type="BRANCH" missed="28" covered="143"/><counter type="LINE" missed="78" covered="253"/><counter type="COMPLEXITY" missed="28" covered="84"/><counter type="METHOD" missed="1" covered="18"/><counter type="CLASS" missed="0" covered="1"/></report>