<?xml version="1.0" encoding="UTF-8" standalone="yes"?><!DOCTYPE report PUBLIC "-//JACOCO//DTD Report 1.1//EN" "report.dtd"><report name="TestingProj"><sessioninfo id="macs-MacBook-Air.local-27ddc5c2" start="1701018128186" dump="1701018132473"/><sessioninfo id="macs-MacBook-Air.local-e0c031db" start="1701018257806" dump="1701018261441"/><sessioninfo id="macs-MacBook-Air.local-2b725f40" start="1701018420453" dump="1701018425330"/><sessioninfo id="macs-MacBook-Air.local-591fe9d8" start="1701018457833" dump="1701018461166"/><sessioninfo id="macs-MacBook-Air.local-ec76a8ba" start="1701018792532" dump="1701018796888"/><sessioninfo id="macs-MacBook-Air.local-594112f4" start="1701020195168" dump="1701020199464"/><package name=""><class name="Num_Theory" sourcefilename="Num_Theory.java"><method name="&lt;clinit&gt;" desc="()V" line="9"><counter type="INSTRUCTION" missed="0" covered="9"/><counter type="LINE" missed="0" covered="1"/><counter type="COMPLEXITY" missed="0" covered="1"/><counter type="METHOD" missed="0" covered="1"/></method><method name="&lt;init&gt;" desc="()V" line="7"><counter type="INSTRUCTION" missed="0" covered="3"/><counter type="LINE" missed="0" covered="1"/><counter type="COMPLEXITY" missed="0" covered="1"/><counter type="METHOD" missed="0" covered="1"/></method><method name="odd_prime_num" desc="(I)I" line="16"><counter type="INSTRUCTION" missed="0" covered="26"/><counter type="BRANCH" missed="0" covered="8"/><counter type="LINE" missed="0" covered="7"/><counter type="COMPLEXITY" missed="0" covered="5"/><counter type="METHOD" missed="0" covered="1"/></method><method name="Goldbach_Num" desc="(I)Z" line="48"><counter type="INSTRUCTION" missed="0" covered="96"/><counter type="BRANCH" missed="2" covered="12"/><counter type="LINE" missed="0" covered="16"/><counter type="COMPLEXITY" missed="2" covered="6"/><counter type="METHOD" missed="0" covered="1"/></method><method name="Hamming_Num" desc="(I)Z" line="95"><counter type="INSTRUCTION" missed="2" covered="72"/><counter type="BRANCH" missed="1" covered="9"/><counter type="LINE" missed="1" covered="17"/><counter type="COMPLEXITY" missed="1" covered="5"/><counter type="METHOD" missed="0" covered="1"/></method><method name="Narcissistic_Num" desc="(I)Z" line="144"><counter type="INSTRUCTION" missed="0" covered="59"/><counter type="BRANCH" missed="0" covered="4"/><counter type="LINE" missed="0" covered="11"/><counter type="COMPLEXITY" missed="0" covered="3"/><counter type="METHOD" missed="0" covered="1"/></method><method name="Markov_Num" desc="(I)Z" line="181"><counter type="INSTRUCTION" missed="2" covered="118"/><counter type="BRANCH" missed="3" covered="17"/><counter type="LINE" missed="1" covered="20"/><counter type="COMPLEXITY" missed="3" covered="8"/><counter type="METHOD" missed="0" covered="1"/></method><method name="Colombian_Num" desc="(I)Z" line="238"><counter type="INSTRUCTION" missed="0" covered="70"/><counter type="BRANCH" missed="0" covered="8"/><counter type="LINE" missed="0" covered="18"/><counter type="COMPLEXITY" missed="0" covered="5"/><counter type="METHOD" missed="0" covered="1"/></method><method name="Thabit_Num" desc="(I)Z" line="283"><counter type="INSTRUCTION" missed="0" covered="74"/><counter type="BRANCH" missed="0" covered="8"/><counter type="LINE" missed="0" covered="16"/><counter type="COMPLEXITY" missed="0" covered="5"/><counter type="METHOD" missed="0" covered="1"/></method><method name="Woodall_Num" desc="(I)Z" line="329"><counter type="INSTRUCTION" missed="2" covered="75"/><counter type="BRANCH" missed="1" covered="7"/><counter type="LINE" missed="1" covered="15"/><counter type="COMPLEXITY" missed="1" covered="4"/><counter type="METHOD" missed="0" covered="1"/></method><method name="Leyland_Num" desc="(I)Z" line="376"><counter type="INSTRUCTION" missed="0" covered="94"/><counter type="BRANCH" missed="1" covered="11"/><counter type="LINE" missed="0" covered="18"/><counter type="COMPLEXITY" missed="1" covered="6"/><counter type="METHOD" missed="0" covered="1"/></method><method name="Sociable_Num" desc="(I)Z" line="429"><counter type="INSTRUCTION" missed="3" covered="90"/><counter type="BRANCH" missed="2" covered="10"/><counter type="LINE" missed="2" covered="18"/><counter type="COMPLEXITY" missed="2" covered="5"/><counter type="METHOD" missed="0" covered="1"/></method><method name="Emirp_Num" desc="(I)Z" line="485"><counter type="INSTRUCTION" missed="0" covered="108"/><counter type="BRANCH" missed="1" covered="15"/><counter type="LINE" missed="0" covered="19"/><counter type="COMPLEXITY" missed="1" covered="8"/><counter type="METHOD" missed="0" covered="1"/></method><method name="Ramanujan_Num" desc="(I)Z" line="541"><counter type="INSTRUCTION" missed="0" covered="82"/><counter type="BRANCH" missed="0" covered="10"/><counter type="LINE" missed="0" covered="16"/><counter type="COMPLEXITY" missed="0" covered="6"/><counter type="METHOD" missed="0" covered="1"/></method><method name="Armstrong_Num" desc="(I)Z" line="591"><counter type="INSTRUCTION" missed="0" covered="58"/><counter type="BRANCH" missed="0" covered="4"/><counter type="LINE" missed="0" covered="13"/><counter type="COMPLEXITY" missed="0" covered="3"/><counter type="METHOD" missed="0" covered="1"/></method><method name="Perfect_Num" desc="(I)Z" line="627"><counter type="INSTRUCTION" missed="0" covered="52"/><counter type="BRANCH" missed="0" covered="6"/><counter type="LINE" missed="0" covered="11"/><counter type="COMPLEXITY" missed="0" covered="4"/><counter type="METHOD" missed="0" covered="1"/></method><method name="Strong_Num" desc="(I)Z" line="663"><counter type="INSTRUCTION" missed="0" covered="69"/><counter type="BRANCH" missed="0" covered="6"/><counter type="LINE" missed="0" covered="15"/><counter type="COMPLEXITY" missed="0" covered="4"/><counter type="METHOD" missed="0" covered="1"/></method><method name="Evil_Num" desc="(I)Z" line="707"><counter type="INSTRUCTION" missed="0" covered="96"/><counter type="BRANCH" missed="0" covered="8"/><counter type="LINE" missed="0" covered="21"/><counter type="COMPLEXITY" missed="0" covered="5"/><counter type="METHOD" missed="0" covered="1"/></method><method name="main" desc="([Ljava/lang/String;)V" line="755"><counter type="INSTRUCTION" missed="217" covered="0"/><counter type="BRANCH" missed="17" covered="0"/><counter type="LINE" missed="73" covered="0"/><counter type="COMPLEXITY" missed="17" covered="0"/><counter type="METHOD" missed="1" covered="0"/></method><counter type="INSTRUCTION" missed="226" covered="1251"/><counter type="BRANCH" missed="28" covered="143"/><counter type="LINE" missed="78" covered="253"/><counter type="COMPLEXITY" missed="28" covered="84"/><counter type="METHOD" missed="1" covered="18"/><counter type="CLASS" missed="0" covered="1"/></class><sourcefile name="Num_Theory.java"><line nr="7" mi="0" ci="3" mb="0" cb="0"/><line nr="9" mi="0" ci="9" mb="0" cb="0"/><line nr="16" mi="0" ci="2" mb="0" cb="0"/><line nr="18" mi="0" ci="7" mb="0" cb="2"/><line nr="20" mi="0" ci="4" mb="0" cb="2"/><line nr="22" mi="0" ci="1" mb="0" cb="0"/><line nr="26" mi="0" ci="8" mb="0" cb="4"/><line nr="28" mi="0" ci="2" mb="0" cb="0"/><line nr="32" mi="0" ci="2" mb="0" cb="0"/><line nr="48" mi="0" ci="3" mb="0" cb="0"/><line nr="49" mi="0" ci="3" mb="0" cb="0"/><line nr="51" mi="0" ci="2" mb="0" cb="0"/><line nr="53" mi="0" ci="7" mb="1" cb="3"/><line nr="55" mi="0" ci="3" mb="0" cb="0"/><line nr="56" mi="0" ci="2" mb="0" cb="0"/><line nr="59" mi="0" ci="3" mb="0" cb="2"/><line nr="61" mi="0" ci="11" mb="0" cb="0"/><line nr="62" mi="0" ci="2" mb="0" cb="0"/><line nr="67" mi="0" ci="3" mb="0" cb="0"/><line nr="69" mi="0" ci="9" mb="0" cb="2"/><line nr="71" mi="0" ci="6" mb="0" cb="0"/><line nr="73" mi="0" ci="15" mb="1" cb="5"/><line nr="75" mi="0" ci="14" mb="0" cb="0"/><line nr="79" mi="0" ci="11" mb="0" cb="0"/><line nr="80" mi="0" ci="2" mb="0" cb="0"/><line nr="95" mi="0" ci="3" mb="0" cb="0"/><line nr="96" mi="0" ci="3" mb="0" cb="0"/><line nr="98" mi="0" ci="2" mb="0" cb="0"/><line nr="99" mi="0" ci="2" mb="0" cb="0"/><line nr="101" mi="0" ci="4" mb="0" cb="2"/><line nr="104" mi="0" ci="4" mb="0" cb="2"/><line nr="105" mi="0" ci="5" mb="0" cb="0"/><line nr="107" mi="0" ci="4" mb="0" cb="2"/><line nr="108" mi="0" ci="5" mb="0" cb="0"/><line nr="110" mi="0" ci="4" mb="0" cb="2"/><line nr="111" mi="0" ci="5" mb="0" cb="0"/><line nr="115" mi="0" ci="11" mb="0" cb="0"/><line nr="116" mi="0" ci="2" mb="0" cb="0"/><line nr="117" mi="0" ci="2" mb="0" cb="0"/><line nr="122" mi="0" ci="4" mb="1" cb="1"/><line nr="124" mi="0" ci="10" mb="0" cb="0"/><line nr="125" mi="0" ci="2" mb="0" cb="0"/><line nr="128" mi="2" ci="0" mb="0" cb="0"/><line nr="144" mi="0" ci="3" mb="0" cb="0"/><line nr="145" mi="0" ci="3" mb="0" cb="0"/><line nr="147" mi="0" ci="4" mb="0" cb="0"/><line nr="149" mi="0" ci="3" mb="0" cb="2"/><line nr="151" mi="0" ci="13" mb="0" cb="0"/><line nr="152" mi="0" ci="4" mb="0" cb="0"/><line nr="155" mi="0" ci="3" mb="0" cb="2"/><line nr="157" mi="0" ci="11" mb="0" cb="0"/><line nr="158" mi="0" ci="2" mb="0" cb="0"/><line nr="163" mi="0" ci="11" mb="0" cb="0"/><line nr="164" mi="0" ci="2" mb="0" cb="0"/><line nr="181" mi="0" ci="3" mb="0" cb="0"/><line nr="182" mi="0" ci="3" mb="0" cb="0"/><line nr="184" mi="0" ci="2" mb="0" cb="0"/><line nr="185" mi="0" ci="7" mb="0" cb="2"/><line nr="187" mi="0" ci="7" mb="0" cb="2"/><line nr="189" mi="0" ci="7" mb="0" cb="2"/><line nr="191" mi="0" ci="12" mb="0" cb="0"/><line nr="192" mi="0" ci="8" mb="0" cb="0"/><line nr="193" mi="0" ci="12" mb="2" cb="6"/><line nr="195" mi="0" ci="11" mb="0" cb="0"/><line nr="196" mi="0" ci="19" mb="0" cb="0"/><line nr="197" mi="0" ci="2" mb="0" cb="0"/><line nr="198" mi="0" ci="1" mb="0" cb="0"/><line nr="201" mi="0" ci="3" mb="0" cb="2"/><line nr="202" mi="0" ci="1" mb="0" cb="0"/><line nr="205" mi="0" ci="3" mb="0" cb="2"/><line nr="207" mi="0" ci="2" mb="0" cb="0"/><line nr="213" mi="0" ci="2" mb="1" cb="1"/><line nr="215" mi="0" ci="11" mb="0" cb="0"/><line nr="216" mi="0" ci="2" mb="0" cb="0"/><line nr="220" mi="2" ci="0" mb="0" cb="0"/><line nr="238" mi="0" ci="3" mb="0" cb="0"/><line nr="239" mi="0" ci="3" mb="0" cb="0"/><line nr="241" mi="0" ci="2" mb="0" cb="0"/><line nr="243" mi="0" ci="7" mb="0" cb="2"/><line nr="245" mi="0" ci="2" mb="0" cb="0"/><line nr="246" mi="0" ci="2" mb="0" cb="0"/><line nr="247" mi="0" ci="4" mb="0" cb="0"/><line nr="248" mi="0" ci="3" mb="0" cb="2"/><line nr="250" mi="0" ci="6" mb="0" cb="0"/><line nr="251" mi="0" ci="4" mb="0" cb="0"/><line nr="254" mi="0" ci="3" mb="0" cb="2"/><line nr="256" mi="0" ci="11" mb="0" cb="0"/><line nr="257" mi="0" ci="2" mb="0" cb="0"/><line nr="258" mi="0" ci="1" mb="0" cb="0"/><line nr="262" mi="0" ci="2" mb="0" cb="2"/><line nr="264" mi="0" ci="11" mb="0" cb="0"/><line nr="265" mi="0" ci="2" mb="0" cb="0"/><line nr="267" mi="0" ci="2" mb="0" cb="0"/><line nr="283" mi="0" ci="3" mb="0" cb="0"/><line nr="284" mi="0" ci="3" mb="0" cb="0"/><line nr="286" mi="0" ci="2" mb="0" cb="2"/><line nr="288" mi="0" ci="2" mb="0" cb="0"/><line nr="290" mi="0" ci="7" mb="0" cb="2"/><line nr="292" mi="0" ci="10" mb="0" cb="0"/><line nr="294" mi="0" ci="3" mb="0" cb="2"/><line nr="296" mi="0" ci="11" mb="0" cb="0"/><line nr="297" mi="0" ci="2" mb="0" cb="0"/><line nr="298" mi="0" ci="1" mb="0" cb="0"/><line nr="302" mi="0" ci="2" mb="0" cb="2"/><line nr="304" mi="0" ci="11" mb="0" cb="0"/><line nr="305" mi="0" ci="2" mb="0" cb="0"/><line nr="307" mi="0" ci="2" mb="0" cb="0"/><line nr="312" mi="0" ci="11" mb="0" cb="0"/><line nr="313" mi="0" ci="2" mb="0" cb="0"/><line nr="329" mi="0" ci="3" mb="0" cb="0"/><line nr="330" mi="0" ci="3" mb="0" cb="0"/><line nr="332" mi="0" ci="2" mb="0" cb="0"/><line nr="334" mi="0" ci="2" mb="0" cb="2"/><line nr="336" mi="0" ci="7" mb="0" cb="2"/><line nr="338" mi="0" ci="10" mb="0" cb="0"/><line nr="339" mi="0" ci="3" mb="0" cb="2"/><line nr="341" mi="0" ci="13" mb="0" cb="0"/><line nr="342" mi="0" ci="2" mb="0" cb="0"/><line nr="343" mi="0" ci="2" mb="0" cb="0"/><line nr="346" mi="0" ci="2" mb="1" cb="1"/><line nr="348" mi="0" ci="11" mb="0" cb="0"/><line nr="349" mi="0" ci="2" mb="0" cb="0"/><line nr="355" mi="0" ci="11" mb="0" cb="0"/><line nr="356" mi="0" ci="2" mb="0" cb="0"/><line nr="359" mi="2" ci="0" mb="0" cb="0"/><line nr="376" mi="0" ci="3" mb="0" cb="0"/><line nr="377" mi="0" ci="3" mb="0" cb="0"/><line nr="379" mi="0" ci="2" mb="0" cb="0"/><line nr="381" mi="0" ci="3" mb="0" cb="2"/><line nr="383" mi="0" ci="7" mb="0" cb="2"/><line nr="385" mi="0" ci="7" mb="0" cb="2"/><line nr="387" mi="0" ci="7" mb="0" cb="0"/><line nr="388" mi="0" ci="7" mb="0" cb="0"/><line nr="390" mi="0" ci="10" mb="1" cb="3"/><line nr="392" mi="0" ci="2" mb="0" cb="0"/><line nr="393" mi="0" ci="1" mb="0" cb="0"/><line nr="398" mi="0" ci="3" mb="0" cb="2"/><line nr="400" mi="0" ci="11" mb="0" cb="0"/><line nr="401" mi="0" ci="2" mb="0" cb="0"/><line nr="406" mi="0" ci="11" mb="0" cb="0"/><line nr="407" mi="0" ci="2" mb="0" cb="0"/><line nr="413" mi="0" ci="11" mb="0" cb="0"/><line nr="414" mi="0" ci="2" mb="0" cb="0"/><line nr="429" mi="0" ci="3" mb="0" cb="0"/><line nr="430" mi="0" ci="3" mb="0" cb="0"/><line nr="432" mi="0" ci="9" mb="0" cb="0"/><line nr="434" mi="0" ci="5" mb="0" cb="2"/><line nr="436" mi="0" ci="11" mb="0" cb="2"/><line nr="438" mi="0" ci="6" mb="0" cb="2"/><line nr="440" mi="0" ci="4" mb="0" cb="0"/><line nr="444" mi="0" ci="2" mb="0" cb="0"/><line nr="446" mi="0" ci="5" mb="0" cb="2"/><line nr="448" mi="0" ci="11" mb="0" cb="0"/><line nr="449" mi="0" ci="2" mb="0" cb="0"/><line nr="450" mi="0" ci="2" mb="0" cb="0"/><line nr="454" mi="0" ci="2" mb="0" cb="0"/><line nr="455" mi="0" ci="4" mb="0" cb="0"/><line nr="457" mi="0" ci="4" mb="1" cb="1"/><line nr="459" mi="1" ci="0" mb="0" cb="0"/><line nr="463" mi="0" ci="4" mb="1" cb="1"/><line nr="465" mi="0" ci="11" mb="0" cb="0"/><line nr="466" mi="0" ci="2" mb="0" cb="0"/><line nr="469" mi="2" ci="0" mb="0" cb="0"/><line nr="485" mi="0" ci="3" mb="0" cb="0"/><line nr="486" mi="0" ci="3" mb="0" cb="0"/><line nr="488" mi="0" ci="6" mb="0" cb="0"/><line nr="489" mi="0" ci="5" mb="0" cb="0"/><line nr="491" mi="0" ci="4" mb="0" cb="0"/><line nr="493" mi="0" ci="7" mb="0" cb="2"/><line nr="495" mi="0" ci="4" mb="0" cb="2"/><line nr="497" mi="0" ci="1" mb="0" cb="0"/><line nr="501" mi="0" ci="7" mb="0" cb="2"/><line nr="503" mi="0" ci="4" mb="0" cb="2"/><line nr="505" mi="0" ci="1" mb="0" cb="0"/><line nr="509" mi="0" ci="6" mb="0" cb="4"/><line nr="511" mi="0" ci="19" mb="0" cb="0"/><line nr="512" mi="0" ci="2" mb="0" cb="0"/><line nr="515" mi="0" ci="6" mb="1" cb="3"/><line nr="517" mi="0" ci="15" mb="0" cb="0"/><line nr="518" mi="0" ci="2" mb="0" cb="0"/><line nr="523" mi="0" ci="11" mb="0" cb="0"/><line nr="524" mi="0" ci="2" mb="0" cb="0"/><line nr="541" mi="0" ci="3" mb="0" cb="0"/><line nr="542" mi="0" ci="3" mb="0" cb="0"/><line nr="544" mi="0" ci="2" mb="0" cb="0"/><line nr="546" mi="0" ci="3" mb="0" cb="2"/><line nr="548" mi="0" ci="11" mb="0" cb="0"/><line nr="549" mi="0" ci="2" mb="0" cb="0"/><line nr="552" mi="0" ci="7" mb="0" cb="2"/><line nr="554" mi="0" ci="7" mb="0" cb="2"/><line nr="556" mi="0" ci="11" mb="0" cb="0"/><line nr="558" mi="0" ci="3" mb="0" cb="2"/><line nr="560" mi="0" ci="1" mb="0" cb="0"/><line nr="565" mi="0" ci="3" mb="0" cb="2"/><line nr="567" mi="0" ci="11" mb="0" cb="0"/><line nr="568" mi="0" ci="2" mb="0" cb="0"/><line nr="573" mi="0" ci="11" mb="0" cb="0"/><line nr="574" mi="0" ci="2" mb="0" cb="0"/><line nr="591" mi="0" ci="3" mb="0" cb="0"/><line nr="592" mi="0" ci="3" mb="0" cb="0"/><line nr="594" mi="0" ci="2" mb="0" cb="0"/><line nr="595" mi="0" ci="2" mb="0" cb="0"/><line nr="596" mi="0" ci="3" mb="0" cb="2"/><line nr="598" mi="0" ci="4" mb="0" cb="0"/><line nr="599" mi="0" ci="8" mb="0" cb="0"/><line nr="600" mi="0" ci="4" mb="0" cb="0"/><line nr="602" mi="0" ci="3" mb="0" cb="2"/><line nr="605" mi="0" ci="11" mb="0" cb="0"/><line nr="606" mi="0" ci="2" mb="0" cb="0"/><line nr="611" mi="0" ci="11" mb="0" cb="0"/><line nr="612" mi="0" ci="2" mb="0" cb="0"/><line nr="627" mi="0" ci="3" mb="0" cb="0"/><line nr="628" mi="0" ci="3" mb="0" cb="0"/><line nr="630" mi="0" ci="2" mb="0" cb="0"/><line nr="631" mi="0" ci="7" mb="0" cb="2"/><line nr="633" mi="0" ci="4" mb="0" cb="2"/><line nr="635" mi="0" ci="4" mb="0" cb="0"/><line nr="638" mi="0" ci="3" mb="0" cb="2"/><line nr="641" mi="0" ci="11" mb="0" cb="0"/><line nr="642" mi="0" ci="2" mb="0" cb="0"/><line nr="647" mi="0" ci="11" mb="0" cb="0"/><line nr="648" mi="0" ci="2" mb="0" cb="0"/><line nr="663" mi="0" ci="3" mb="0" cb="0"/><line nr="664" mi="0" ci="3" mb="0" cb="0"/><line nr="667" mi="0" ci="6" mb="0" cb="0"/><line nr="669" mi="0" ci="3" mb="0" cb="2"/><line nr="671" mi="0" ci="4" mb="0" cb="0"/><line nr="673" mi="0" ci="7" mb="0" cb="2"/><line nr="675" mi="0" ci="4" mb="0" cb="0"/><line nr="678" mi="0" ci="4" mb="0" cb="0"/><line nr="679" mi="0" ci="4" mb="0" cb="0"/><line nr="680" mi="0" ci="2" mb="0" cb="0"/><line nr="683" mi="0" ci="3" mb="0" cb="2"/><line nr="685" mi="0" ci="11" mb="0" cb="0"/><line nr="686" mi="0" ci="2" mb="0" cb="0"/><line nr="692" mi="0" ci="11" mb="0" cb="0"/><line nr="693" mi="0" ci="2" mb="0" cb="0"/><line nr="707" mi="0" ci="3" mb="0" cb="0"/><line nr="708" mi="0" ci="3" mb="0" cb="0"/><line nr="710" mi="0" ci="2" mb="0" cb="0"/><line nr="711" mi="0" ci="2" mb="0" cb="0"/><line nr="713" mi="0" ci="11" mb="0" cb="0"/><line nr="714" mi="0" ci="2" mb="0" cb="0"/><line nr="716" mi="0" ci="3" mb="0" cb="2"/><line nr="718" mi="0" ci="4" mb="0" cb="0"/><line nr="719" mi="0" ci="11" mb="0" cb="0"/><line nr="720" mi="0" ci="4" mb="0" cb="0"/><line nr="722" mi="0" ci="3" mb="0" cb="0"/><line nr="724" mi="0" ci="3" mb="0" cb="0"/><line nr="725" mi="0" ci="7" mb="0" cb="2"/><line nr="727" mi="0" ci="4" mb="0" cb="0"/><line nr="728" mi="0" ci="3" mb="0" cb="2"/><line nr="730" mi="0" ci="1" mb="0" cb="0"/><line nr="734" mi="0" ci="4" mb="0" cb="2"/><line nr="736" mi="0" ci="11" mb="0" cb="0"/><line nr="737" mi="0" ci="2" mb="0" cb="0"/><line nr="741" mi="0" ci="11" mb="0" cb="0"/><line nr="742" mi="0" ci="2" mb="0" cb="0"/><line nr="755" mi="5" ci="0" mb="0" cb="0"/><line nr="756" mi="4" ci="0" mb="0" cb="0"/><line nr="758" mi="1" ci="0" mb="0" cb="0"/><line nr="759" mi="3" ci="0" mb="0" cb="0"/><line nr="760" mi="3" ci="0" mb="0" cb="0"/><line nr="761" mi="3" ci="0" mb="0" cb="0"/><line nr="763" mi="3" ci="0" mb="0" cb="0"/><line nr="796" mi="3" ci="0" mb="0" cb="0"/><line nr="797" mi="3" ci="0" mb="0" cb="0"/><line nr="798" mi="2" ci="0" mb="0" cb="0"/><line nr="800" mi="2" ci="0" mb="17" cb="0"/><line nr="803" mi="3" ci="0" mb="0" cb="0"/><line nr="804" mi="4" ci="0" mb="0" cb="0"/><line nr="805" mi="4" ci="0" mb="0" cb="0"/><line nr="806" mi="1" ci="0" mb="0" cb="0"/><line nr="808" mi="3" ci="0" mb="0" cb="0"/><line nr="809" mi="4" ci="0" mb="0" cb="0"/><line nr="810" mi="4" ci="0" mb="0" cb="0"/><line nr="811" mi="1" ci="0" mb="0" cb="0"/><line nr="813" mi="3" ci="0" mb="0" cb="0"/><line nr="814" mi="4" ci="0" mb="0" cb="0"/><line nr="815" mi="4" ci="0" mb="0" cb="0"/><line nr="816" mi="1" ci="0" mb="0" cb="0"/><line nr="818" mi="3" ci="0" mb="0" cb="0"/><line nr="819" mi="4" ci="0" mb="0" cb="0"/><line nr="820" mi="4" ci="0" mb="0" cb="0"/><line nr="821" mi="1" ci="0" mb="0" cb="0"/><line nr="823" mi="3" ci="0" mb="0" cb="0"/><line nr="824" mi="4" ci="0" mb="0" cb="0"/><line nr="825" mi="4" ci="0" mb="0" cb="0"/><line nr="826" mi="1" ci="0" mb="0" cb="0"/><line nr="828" mi="3" ci="0" mb="0" cb="0"/><line nr="829" mi="4" ci="0" mb="0" cb="0"/><line nr="830" mi="4" ci="0" mb="0" cb="0"/><line nr="831" mi="1" ci="0" mb="0" cb="0"/><line nr="833" mi="3" ci="0" mb="0" cb="0"/><line nr="834" mi="4" ci="0" mb="0" cb="0"/><line nr="835" mi="4" ci="0" mb="0" cb="0"/><line nr="836" mi="1" ci="0" mb="0" cb="0"/><line nr="838" mi="3" ci="0" mb="0" cb="0"/><line nr="839" mi="4" ci="0" mb="0" cb="0"/><line nr="840" mi="4" ci="0" mb="0" cb="0"/><line nr="841" mi="1" ci="0" mb="0" cb="0"/><line nr="843" mi="3" ci="0" mb="0" cb="0"/><line nr="844" mi="4" ci="0" mb="0" cb="0"/><line nr="845" mi="4" ci="0" mb="0" cb="0"/><line nr="846" mi="1" ci="0" mb="0" cb="0"/><line nr="848" mi="3" ci="0" mb="0" cb="0"/><line nr="849" mi="4" ci="0" mb="0" cb="0"/><line nr="850" mi="4" ci="0" mb="0" cb="0"/><line nr="851" mi="1" ci="0" mb="0" cb="0"/><line nr="853" mi="3" ci="0" mb="0" cb="0"/><line nr="854" mi="4" ci="0" mb="0" cb="0"/><line nr="855" mi="4" ci="0" mb="0" cb="0"/><line nr="856" mi="1" ci="0" mb="0" cb="0"/><line nr="858" mi="3" ci="0" mb="0" cb="0"/><line nr="859" mi="4" ci="0" mb="0" cb="0"/><line nr="860" mi="4" ci="0" mb="0" cb="0"/><line nr="861" mi="1" ci="0" mb="0" cb="0"/><line nr="863" mi="3" ci="0" mb="0" cb="0"/><line nr="864" mi="4" ci="0" mb="0" cb="0"/><line nr="865" mi="4" ci="0" mb="0" cb="0"/><line nr="866" mi="1" ci="0" mb="0" cb="0"/><line nr="868" mi="3" ci="0" mb="0" cb="0"/><line nr="869" mi="4" ci="0" mb="0" cb="0"/><line nr="870" mi="4" ci="0" mb="0" cb="0"/><line nr="871" mi="1" ci="0" mb="0" cb="0"/><line nr="874" mi="3" ci="0" mb="0" cb="0"/><line nr="875" mi="4" ci="0" mb="0" cb="0"/><line nr="876" mi="4" ci="0" mb="0" cb="0"/><line nr="877" mi="1" ci="0" mb="0" cb="0"/><line nr="879" mi="2" ci="0" mb="0" cb="0"/><line nr="881" mi="3" ci="0" mb="0" cb="0"/><counter type="INSTRUCTION" missed="226" covered="1251"/><counter type="BRANCH" missed="28" covered="143"/><counter type="LINE" missed="78" covered="253"/><counter type="COMPLEXITY" missed="28" covered="84"/><counter type="METHOD" missed="1" covered="18"/><counter type="CLASS" missed="0" covered="1"/></sourcefile><counter type="INSTRUCTION" missed="226" covered="1251"/><counter type="BRANCH" missed="28" covered="143"/><counter type="LINE" missed="78" covered="253"/><counter type="COMPLEXITY" missed="28" covered="84"/><counter type="METHOD" missed="1" covered="18"/><counter type="CLASS" missed="0" covered="1"/></package><counter type="INSTRUCTION" missed="226" covered="1251"/><counter type="BRANCH" missed="28" covered="143"/><counter type="LINE" missed="78" covered="253"/><counter type="COMPLEXITY" missed="28" covered="84"/><counter type="METHOD" missed="1" covered="18"/><counter type="CLASS" missed="0" covered="1"/></report>