<?xml version="1.0" encoding="UTF-8"?>
<testsuite xmlns:xsi="http://www.w3.org/2001/XMLSchema-instance" xsi:noNamespaceSchemaLocation="https://maven.apache.org/surefire/maven-surefire-plugin/xsd/surefire-test-report-3.0.xsd" version="3.0" name="Num_TheoryTest" time="2.415" tests="49" errors="0" skipped="0" failures="0">
  <properties>
[...]
</properties>
  <testcase name="testWoodall_Num_1" classname="Num_TheoryTest" time="0.015">
    <system-out><![CDATA[

			Woodall Number

Definition: Woodall number is any natural number 'W_num' that satisfies form W_num = num*(2^num) - 1, num = natural number


1 is a Woodall Number for num = 1
]]></system-out>
  </testcase>
  <testcase name="testWoodall_Num_2" classname="Num_TheoryTest" time="0.001">
    <system-out><![CDATA[

			Woodall Number

Definition: Woodall number is any natural number 'W_num' that satisfies form W_num = num*(2^num) - 1, num = natural number


7 is a Woodall Number for num = 2
]]></system-out>
  </testcase>
  <testcase name="testWoodall_Num_3" classname="Num_TheoryTest" time="0.001">
    <system-out><![CDATA[

			Woodall Number

Definition: Woodall number is any natural number 'W_num' that satisfies form W_num = num*(2^num) - 1, num = natural number


23 is a Woodall Number for num = 3
]]></system-out>
  </testcase>
  <testcase name="testWoodall_Num_4" classname="Num_TheoryTest" time="0.002">
    <system-out><![CDATA[

			Woodall Number

Definition: Woodall number is any natural number 'W_num' that satisfies form W_num = num*(2^num) - 1, num = natural number


Invalid input: 0 is not a natural number
]]></system-out>
  </testcase>
  <testcase name="testWoodall_Num_5" classname="Num_TheoryTest" time="0.001">
    <system-out><![CDATA[

			Woodall Number

Definition: Woodall number is any natural number 'W_num' that satisfies form W_num = num*(2^num) - 1, num = natural number


6 is not a Woodall Number
]]></system-out>
  </testcase>
  <testcase name="testLeyland_Num_1" classname="Num_TheoryTest" time="0.001">
    <system-out><![CDATA[

			Leyland Number

Definition: Leyland number 'num' is a number where num = num1^num2 + num2^num1 , num1, num2 = integers greater than 1


2 is not a Leyland number
]]></system-out>
  </testcase>
  <testcase name="testLeyland_Num_2" classname="Num_TheoryTest" time="0.001">
    <system-out><![CDATA[

			Leyland Number

Definition: Leyland number 'num' is a number where num = num1^num2 + num2^num1 , num1, num2 = integers greater than 1


Invalid input: -3 is not greater than 1
]]></system-out>
  </testcase>
  <testcase name="testLeyland_Num_3" classname="Num_TheoryTest" time="0.001">
    <system-out><![CDATA[

			Leyland Number

Definition: Leyland number 'num' is a number where num = num1^num2 + num2^num1 , num1, num2 = integers greater than 1


145 is a Leyland number
]]></system-out>
  </testcase>
  <testcase name="testOdd_prime_num_1" classname="Num_TheoryTest" time="0"/>
  <testcase name="testOdd_prime_num_2" classname="Num_TheoryTest" time="0"/>
  <testcase name="testArmstrong_Num_1" classname="Num_TheoryTest" time="0.002">
    <system-out><![CDATA[

			Armstrong Number

Definition: Armstrong no. = sum of cubes of the digits of a given number is equal to the number itself


0is an Armstrong Number.
]]></system-out>
  </testcase>
  <testcase name="testArmstrong_Num_2" classname="Num_TheoryTest" time="0.001">
    <system-out><![CDATA[

			Armstrong Number

Definition: Armstrong no. = sum of cubes of the digits of a given number is equal to the number itself


0is not an Armstrong Number.
]]></system-out>
  </testcase>
  <testcase name="testPerfect_Num_1" classname="Num_TheoryTest" time="0.001">
    <system-out><![CDATA[

			Perfect Number

Definition: The summation of all factors of a given number except itself is equal to the number, then the number is called a Perfect Number.


496 is a Perfect Number
]]></system-out>
  </testcase>
  <testcase name="testPerfect_Num_2" classname="Num_TheoryTest" time="0.001">
    <system-out><![CDATA[

			Perfect Number

Definition: The summation of all factors of a given number except itself is equal to the number, then the number is called a Perfect Number.


552 isn't a Perfect Number
]]></system-out>
  </testcase>
  <testcase name="testThabit_Num_1" classname="Num_TheoryTest" time="0.008">
    <system-out><![CDATA[

			Thabit Number

Definition: Thabit Number is an integer of form : 3 * 2^num - 1 , num = non-negative integer


0 is not a Thabit Number
]]></system-out>
  </testcase>
  <testcase name="testThabit_Num_2" classname="Num_TheoryTest" time="0.001">
    <system-out><![CDATA[

			Thabit Number

Definition: Thabit Number is an integer of form : 3 * 2^num - 1 , num = non-negative integer


Invalid input: -5 is a negative number
]]></system-out>
  </testcase>
  <testcase name="testThabit_Num_3" classname="Num_TheoryTest" time="0.001">
    <system-out><![CDATA[

			Thabit Number

Definition: Thabit Number is an integer of form : 3 * 2^num - 1 , num = non-negative integer


11 is a Thabit Number
]]></system-out>
  </testcase>
  <testcase name="testThabit_Num_4" classname="Num_TheoryTest" time="0.001">
    <system-out><![CDATA[

			Thabit Number

Definition: Thabit Number is an integer of form : 3 * 2^num - 1 , num = non-negative integer


47 is a Thabit Number
]]></system-out>
  </testcase>
  <testcase name="testThabit_Num_5" classname="Num_TheoryTest" time="0.001">
    <system-out><![CDATA[

			Thabit Number

Definition: Thabit Number is an integer of form : 3 * 2^num - 1 , num = non-negative integer


6 is not a Thabit Number
]]></system-out>
  </testcase>
  <testcase name="testMarkov_Num_1" classname="Num_TheoryTest" time="0.001">
    <system-out><![CDATA[

			Markov Number

Definition: Markov number are the positive integers x, y, z that appear in the solution of the Markov Diophantine equation x^2 + y^2 + z^2 = 3xyz


89 is a Markov Number
First Triplet Containing the Markov Number: [1 , 34 , 89]
]]></system-out>
  </testcase>
  <testcase name="testMarkov_Num_2" classname="Num_TheoryTest" time="0.013">
    <system-out><![CDATA[

			Markov Number

Definition: Markov number are the positive integers x, y, z that appear in the solution of the Markov Diophantine equation x^2 + y^2 + z^2 = 3xyz

65 is not a Markov Number
]]></system-out>
  </testcase>
  <testcase name="testMarkov_Num_3" classname="Num_TheoryTest" time="0">
    <system-out><![CDATA[

			Markov Number

Definition: Markov number are the positive integers x, y, z that appear in the solution of the Markov Diophantine equation x^2 + y^2 + z^2 = 3xyz


169 is a Markov Number
First Triplet Containing the Markov Number: [2 , 29 , 169]
]]></system-out>
  </testcase>
  <testcase name="testNarcissistic_Num_1" classname="Num_TheoryTest" time="0.005">
    <system-out><![CDATA[

			Narcissistic Number

Definition: Narcissistic number is a number that is the summation of its digits each raised to the power of the number of digits. It is also called Pluperfect Digital Invariant(PPDI)


57 is not a Narcissistic Number
]]></system-out>
  </testcase>
  <testcase name="testNarcissistic_Num_2" classname="Num_TheoryTest" time="0.001">
    <system-out><![CDATA[

			Narcissistic Number

Definition: Narcissistic number is a number that is the summation of its digits each raised to the power of the number of digits. It is also called Pluperfect Digital Invariant(PPDI)


153 is a Narcissistic Number
]]></system-out>
  </testcase>
  <testcase name="testRamanujan_Num_1" classname="Num_TheoryTest" time="1.251">
    <system-out><![CDATA[

			Ramanujan Number

Definition: A number that can be expressed as the summation of two positive cubes in atleast two ways is called a Ramanujan Number.


4104 is a Ramanujan Number
]]></system-out>
  </testcase>
  <testcase name="testRamanujan_Num_2" classname="Num_TheoryTest" time="0.753">
    <system-out><![CDATA[

			Ramanujan Number

Definition: A number that can be expressed as the summation of two positive cubes in atleast two ways is called a Ramanujan Number.


3529 isn't a Ramanujan Number
]]></system-out>
  </testcase>
  <testcase name="testRamanujan_Num_3" classname="Num_TheoryTest" time="0.002">
    <system-out><![CDATA[

			Ramanujan Number

Definition: A number that can be expressed as the summation of two positive cubes in atleast two ways is called a Ramanujan Number.


1729 is the smallest Ramanujan Number
]]></system-out>
  </testcase>
  <testcase name="testStrong_Num_1" classname="Num_TheoryTest" time="0.001">
    <system-out><![CDATA[

			Strong Number

Definition: A number whose sum of factorials is equal to the number itself, is called a strong number.


145 is a Strong Number
]]></system-out>
  </testcase>
  <testcase name="testStrong_Num_2" classname="Num_TheoryTest" time="0.003">
    <system-out><![CDATA[

			Strong Number

Definition: A number whose sum of factorials is equal to the number itself, is called a strong number.


543 is not a Strong Number
]]></system-out>
  </testcase>
  <testcase name="testHamming_Num_1" classname="Num_TheoryTest" time="0.001">
    <system-out><![CDATA[

			Hamming Number

Definition: Hamming numbers are nums of form: Hamming_Num  =  2^a * 3^b * 5^c        where a, b, c greater than equal to 0

900 is a Hamming number. (Also known as Ugly number)
]]></system-out>
  </testcase>
  <testcase name="testHamming_Num_2" classname="Num_TheoryTest" time="0.002">
    <system-out><![CDATA[

			Hamming Number

Definition: Hamming numbers are nums of form: Hamming_Num  =  2^a * 3^b * 5^c        where a, b, c greater than equal to 0


33 isn't a Hamming Number.
Did not find numbers a,b,c that obey the form Hamming_Num = 2^a * 3^b * 5^c
]]></system-out>
  </testcase>
  <testcase name="testHamming_Num_3" classname="Num_TheoryTest" time="0.009">
    <system-out><![CDATA[

			Hamming Number

Definition: Hamming numbers are nums of form: Hamming_Num  =  2^a * 3^b * 5^c        where a, b, c greater than equal to 0


55 isn't a Hamming Number.
Did not find numbers a,b,c that obey the form Hamming_Num = 2^a * 3^b * 5^c
]]></system-out>
  </testcase>
  <testcase name="testHamming_Num_4" classname="Num_TheoryTest" time="0.005">
    <system-out><![CDATA[

			Hamming Number

Definition: Hamming numbers are nums of form: Hamming_Num  =  2^a * 3^b * 5^c        where a, b, c greater than equal to 0


86 isn't a Hamming Number.
Did not find numbers a,b,c that obey the form Hamming_Num = 2^a * 3^b * 5^c
]]></system-out>
  </testcase>
  <testcase name="testColombian_Num_1" classname="Num_TheoryTest" time="0.001">
    <system-out><![CDATA[

			Colombian Number

Definition: Colombian number is an integer that cannot be written as the summation of any other integer 'num' and the digits of 'num'.


0 is  a Colombian Number
]]></system-out>
  </testcase>
  <testcase name="testColombian_Num_2" classname="Num_TheoryTest" time="0.002">
    <system-out><![CDATA[

			Colombian Number

Definition: Colombian number is an integer that cannot be written as the summation of any other integer 'num' and the digits of 'num'.


20 is  a Colombian Number
]]></system-out>
  </testcase>
  <testcase name="testColombian_Num_3" classname="Num_TheoryTest" time="0.002">
    <system-out><![CDATA[

			Colombian Number

Definition: Colombian number is an integer that cannot be written as the summation of any other integer 'num' and the digits of 'num'.


8 is not a Colombian Number
]]></system-out>
  </testcase>
  <testcase name="testColombian_Num_4" classname="Num_TheoryTest" time="0.002">
    <system-out><![CDATA[

			Colombian Number

Definition: Colombian number is an integer that cannot be written as the summation of any other integer 'num' and the digits of 'num'.


21 is not a Colombian Number
]]></system-out>
  </testcase>
  <testcase name="testEvil_Num_1" classname="Num_TheoryTest" time="0.006">
    <system-out><![CDATA[

			Evil Number

Definition: A positive and whole number which has even number of 1’s in its binary form is called an evil number.
11000


24 is an Evil Number
]]></system-out>
  </testcase>
  <testcase name="testEvil_Num_2" classname="Num_TheoryTest" time="0.002">
    <system-out><![CDATA[

			Evil Number

Definition: A positive and whole number which has even number of 1’s in its binary form is called an evil number.
1000011100100


4324 an Evil Number
]]></system-out>
  </testcase>
  <testcase name="testSociable_Num_1" classname="Num_TheoryTest" time="0.009">
    <system-out><![CDATA[

			Sociable Number

Definition: Sociable numbers are numbers whose Aliquot sums form a periodic sequence.


14288 is a Sociable Number
]]></system-out>
  </testcase>
  <testcase name="testSociable_Num_2" classname="Num_TheoryTest" time="0.001">
    <system-out><![CDATA[

			Sociable Number

Definition: Sociable numbers are numbers whose Aliquot sums form a periodic sequence.


13 is not a Sociable number
]]></system-out>
  </testcase>
  <testcase name="testSociable_Num_3" classname="Num_TheoryTest" time="0.006">
    <system-out><![CDATA[

			Sociable Number

Definition: Sociable numbers are numbers whose Aliquot sums form a periodic sequence.


46661 is not a Sociable number
]]></system-out>
  </testcase>
  <testcase name="testSociable_Num_4" classname="Num_TheoryTest" time="0.003">
    <system-out><![CDATA[

			Sociable Number

Definition: Sociable numbers are numbers whose Aliquot sums form a periodic sequence.


1 is not a Sociable number
]]></system-out>
  </testcase>
  <testcase name="testGoldbach_Num_1" classname="Num_TheoryTest" time="0.003">
    <system-out><![CDATA[

			Goldbach Number
Definition: 
Goldbach number is a positive even integer that can be expressed as sum of two odd primes. The pair of the two prime numbers whose sum express the given even number is called the Goldbach partition of the even number.

The Prime Partition for the given number is: 
7 and 73
13 and 67
19 and 61
37 and 43

80 is a Goldbach Number with the above Prime Pair partition.
]]></system-out>
  </testcase>
  <testcase name="testGoldbach_Num_2" classname="Num_TheoryTest" time="0.008">
    <system-out><![CDATA[

			Goldbach Number
Definition: 
Goldbach number is a positive even integer that can be expressed as sum of two odd primes. The pair of the two prime numbers whose sum express the given even number is called the Goldbach partition of the even number.

Invalid input: You've either entered a negative or odd number
]]></system-out>
  </testcase>
  <testcase name="testGoldbach_Num_3" classname="Num_TheoryTest" time="0.002">
    <system-out><![CDATA[

			Goldbach Number
Definition: 
Goldbach number is a positive even integer that can be expressed as sum of two odd primes. The pair of the two prime numbers whose sum express the given even number is called the Goldbach partition of the even number.


2 is not a Goldbach Number. Did not find a prime partition for the given number.
]]></system-out>
  </testcase>
  <testcase name="testEmirp_Num_1" classname="Num_TheoryTest" time="0.001">
    <system-out><![CDATA[

			Emirp Number

Definition: Emirp Number is a prime number that results in another prime number when its digits are reversed.

991 is an Emirp Number as: 991 is a prime number and its reverse 199 is also a prime number.
]]></system-out>
  </testcase>
  <testcase name="testEmirp_Num_2" classname="Num_TheoryTest" time="0.003">
    <system-out><![CDATA[

			Emirp Number

Definition: Emirp Number is a prime number that results in another prime number when its digits are reversed.

625 is not a prime number hence cannot be an Emirp number
]]></system-out>
  </testcase>
  <testcase name="testEmirp_Num_3" classname="Num_TheoryTest" time="0.002">
    <system-out><![CDATA[

			Emirp Number

Definition: Emirp Number is a prime number that results in another prime number when its digits are reversed.

43 is not an Emirp number as its reverse is not a prime number. 43 itself is a Prime Number.
]]></system-out>
  </testcase>
</testsuite>